<html>
<body>
<pre>
<h1>µVision Build Log</h1>
<h2>Tool Versions:</h2>
IDE-Version: •ÏVision V5.38.0.0
Copyright (C) 2022 ARM Ltd and ARM Germany GmbH. All rights reserved.
License Information: changju lee, pusan national university, LIC=R7GFS-5YVK5-MBIED-LR9Y6-IEFBD-8VHKB
 
Tool Versions:
Toolchain:       MDK-ARM Community  Version: 5.38.0.0
Toolchain Path:  D:\Program Files\Keil_v5\ARM\ARMCLANG\Bin
C Compiler:      ArmClang.exe V6.19
Assembler:       Armasm.exe V6.19
Linker/Locator:  ArmLink.exe V6.19
Library Manager: ArmAr.exe V6.19
Hex Converter:   FromElf.exe V6.19
CPU DLL:         SARMCM3.DLL V5.38.0.0
Dialog DLL:      DARMSTM.DLL V1.69.1.0
Target DLL:      Segger\JL2CM3.dll V2.99.42.0
Dialog DLL:      TARMSTM.DLL V1.67.1.0
 
<h2>Project:</h2>
D:\projects\stm32_NAS\EvalBoards\Micrium\uC-Eval-STM32F107\uCOS-III\KeilMDK\uCOS-III.uvproj
Project File Date:  12/09/2023

<h2>Output:</h2>
*** Using Compiler 'V6.19', folder: 'D:\Program Files\Keil_v5\ARM\ARMCLANG\Bin'
Build target 'FLASH'
compiling app.c...
compiling tcpserver2.c...
compiling tcpclient.c...
compiling udpclient.c...
compiling udpserver.c...
compiling tcpserver.c...
compiling tcpmultiserver.c...
compiling bsp.c...
../../BSP/bsp_eth.c(147): error: use of undeclared identifier 'BSP_PERIPH_ID_SYSCFG'
  BSP_PeriphEn(BSP_PERIPH_ID_SYSCFG); 
               ^
../../BSP/bsp_eth.c(162): error: use of undeclared identifier 'RCC_MCO1Source_HSE'
  RCC_MCO1Config(RCC_MCO1Source_HSE, RCC_MCO1Div_1);
                 ^
../../BSP/bsp_eth.c(162): error: use of undeclared identifier 'RCC_MCO1Div_1'
  RCC_MCO1Config(RCC_MCO1Source_HSE, RCC_MCO1Div_1);
                                     ^
../../BSP/bsp_eth.c(280): error: use of undeclared identifier 'RCC_AHB1Periph_CRC'
  RCC_AHB1PeriphClockCmd(RCC_AHB1Periph_CRC, ENABLE);
                         ^
../../BSP/bsp_eth.c(315): error: too many arguments to function call, expected 0, have 1
  return ETH_GetRxPktSize(DMARxDescToGet); 
         ~~~~~~~~~~~~~~~~ ^~~~~~~~~~~~~~
../../BSP/ST/STM32/inc\stm32_eth.h(1661): note: 'ETH_GetRxPktSize' declared here
uint32_t ETH_GetRxPktSize(void);
         ^
5 errors generated.
compiling bsp_eth.c...
compiling bsp_periph.c...
../../BSP/bsp_ser.c(266): warning: implicitly declaring library function 'vsnprintf' with type 'int (char *, unsigned int, const char *, __builtin_va_list)' [-Wimplicit-function-declaration]
   (void)vsnprintf((char       *)&buf_str[0],
         ^
../../BSP/bsp_ser.c(266): note: include the header <stdio.h> or explicitly provide a declaration for 'vsnprintf'
1 warning generated.
compiling bsp_ser.c...
compiling bsp_stlm75.c...
compiling bsp_i2c.c...
compiling bsp_int.c...
../../BSP/ST/STM32/src/stm32f10x_gpio.c(677): error: no member named 'AFR' in 'GPIO_TypeDef'
  GPIOx->AFR[GPIO_PinSource >> 0x03] &= ~((uint32_t)0xF << ((uint32_t)((uint32_t)GPIO_PinSource & (uint32_t)0x07) * 4)) ;
  ~~~~~  ^
../../BSP/ST/STM32/src/stm32f10x_gpio.c(678): error: no member named 'AFR' in 'GPIO_TypeDef'
  temp_2 = GPIOx->AFR[GPIO_PinSource >> 0x03] | temp;
           ~~~~~  ^
../../BSP/ST/STM32/src/stm32f10x_gpio.c(679): error: no member named 'AFR' in 'GPIO_TypeDef'
  GPIOx->AFR[GPIO_PinSource >> 0x03] = temp_2;
  ~~~~~  ^
3 errors generated.
compiling stm32f10x_gpio.c...
../../BSP/OS/uCOS-III/bsp_os.c(188): warning: expression which evaluates to zero treated as a null pointer constant of type 'CPU_TS *' (aka 'unsigned int *') [-Wnon-literal-null-conversion]
              (CPU_TS  )0,
              ^~~~~~~~~~~
1 warning generated.
compiling bsp_os.c...
compiling lwIP.c...
compiling ethernetif.c...
compiling stm32_eth.c...
".\Output\OS.axf" - 8 Error(s), 2 Warning(s).
Target not created.
Build Time Elapsed:  00:00:05
</pre>
</body>
</html>
